[2021-05-25 21:29:13,150] {taskinstance.py:851} INFO - Dependencies all met for <TaskInstance: covid19_cases_Jordan.Scoring_Report 2021-05-25T21:02:42.518800+00:00 [queued]>
[2021-05-25 21:29:13,249] {taskinstance.py:851} INFO - Dependencies all met for <TaskInstance: covid19_cases_Jordan.Scoring_Report 2021-05-25T21:02:42.518800+00:00 [queued]>
[2021-05-25 21:29:13,249] {taskinstance.py:1042} INFO - 
--------------------------------------------------------------------------------
[2021-05-25 21:29:13,249] {taskinstance.py:1043} INFO - Starting attempt 1 of 2
[2021-05-25 21:29:13,249] {taskinstance.py:1044} INFO - 
--------------------------------------------------------------------------------
[2021-05-25 21:29:13,279] {taskinstance.py:1063} INFO - Executing <Task(PythonOperator): Scoring_Report> on 2021-05-25T21:02:42.518800+00:00
[2021-05-25 21:29:13,299] {standard_task_runner.py:52} INFO - Started process 344 to run task
[2021-05-25 21:29:13,333] {standard_task_runner.py:76} INFO - Running: ['airflow', 'tasks', 'run', 'covid19_cases_Jordan', 'Scoring_Report', '2021-05-25T21:02:42.518800+00:00', '--job-id', '128', '--pool', 'default_pool', '--raw', '--subdir', 'DAGS_FOLDER/workflow.py', '--cfg-path', '/tmp/tmph7xblk7i', '--error-file', '/tmp/tmp8se_kegx']
[2021-05-25 21:29:13,352] {standard_task_runner.py:77} INFO - Job 128: Subtask Scoring_Report
[2021-05-25 21:29:13,915] {logging_mixin.py:104} INFO - Running <TaskInstance: covid19_cases_Jordan.Scoring_Report 2021-05-25T21:02:42.518800+00:00 [running]> on host 4e0af5d83701
[2021-05-25 21:29:14,683] {taskinstance.py:1257} INFO - Exporting the following env vars:
AIRFLOW_CTX_DAG_OWNER=waed
AIRFLOW_CTX_DAG_ID=covid19_cases_Jordan
AIRFLOW_CTX_TASK_ID=Scoring_Report
AIRFLOW_CTX_EXECUTION_DATE=2021-05-25T21:02:42.518800+00:00
AIRFLOW_CTX_DAG_RUN_ID=scheduled__2021-05-25T21:02:42.518800+00:00
[2021-05-25 21:29:32,355] {taskinstance.py:1455} ERROR - [Errno 13] Permission denied: '/opt/airflowJordan_scoring_report.csv'
Traceback (most recent call last):
  File "/home/airflow/.local/lib/python3.6/site-packages/airflow/models/taskinstance.py", line 1112, in _run_raw_task
    self._prepare_and_execute_task_with_callbacks(context, task)
  File "/home/airflow/.local/lib/python3.6/site-packages/airflow/models/taskinstance.py", line 1285, in _prepare_and_execute_task_with_callbacks
    result = self._execute_task(context, task_copy)
  File "/home/airflow/.local/lib/python3.6/site-packages/airflow/models/taskinstance.py", line 1315, in _execute_task
    result = task_copy.execute(context=context)
  File "/home/airflow/.local/lib/python3.6/site-packages/airflow/operators/python.py", line 117, in execute
    return_value = self.execute_callable()
  File "/home/airflow/.local/lib/python3.6/site-packages/airflow/operators/python.py", line 128, in execute_callable
    return self.python_callable(*self.op_args, **self.op_kwargs)
  File "/opt/airflow/dags/workflow.py", line 115, in scoringReport
    DF_Jordan_3.to_csv(AIRFLOW_HOME + 'Jordan_scoring_report.csv')
  File "/home/airflow/.local/lib/python3.6/site-packages/pandas/core/generic.py", line 3170, in to_csv
    formatter.save()
  File "/home/airflow/.local/lib/python3.6/site-packages/pandas/io/formats/csvs.py", line 190, in save
    compression=dict(self.compression_args, method=self.compression),
  File "/home/airflow/.local/lib/python3.6/site-packages/pandas/io/common.py", line 493, in get_handle
    f = open(path_or_buf, mode, encoding=encoding, errors=errors, newline="")
PermissionError: [Errno 13] Permission denied: '/opt/airflowJordan_scoring_report.csv'
[2021-05-25 21:29:32,428] {taskinstance.py:1503} INFO - Marking task as UP_FOR_RETRY. dag_id=covid19_cases_Jordan, task_id=Scoring_Report, execution_date=20210525T210242, start_date=20210525T212913, end_date=20210525T212932
[2021-05-25 21:29:32,890] {local_task_job.py:146} INFO - Task exited with return code 1
