[2021-05-25 20:01:16,905] {taskinstance.py:851} INFO - Dependencies all met for <TaskInstance: covid19_cases_Jordan.Get_COVID19_Cases_For_Jordan_2020_Now 2021-05-25T20:00:07.052122+00:00 [queued]>
[2021-05-25 20:01:17,034] {taskinstance.py:851} INFO - Dependencies all met for <TaskInstance: covid19_cases_Jordan.Get_COVID19_Cases_For_Jordan_2020_Now 2021-05-25T20:00:07.052122+00:00 [queued]>
[2021-05-25 20:01:17,035] {taskinstance.py:1042} INFO - 
--------------------------------------------------------------------------------
[2021-05-25 20:01:17,036] {taskinstance.py:1043} INFO - Starting attempt 1 of 2
[2021-05-25 20:01:17,037] {taskinstance.py:1044} INFO - 
--------------------------------------------------------------------------------
[2021-05-25 20:01:17,107] {taskinstance.py:1063} INFO - Executing <Task(PythonOperator): Get_COVID19_Cases_For_Jordan_2020_Now> on 2021-05-25T20:00:07.052122+00:00
[2021-05-25 20:01:17,141] {standard_task_runner.py:52} INFO - Started process 684 to run task
[2021-05-25 20:01:17,180] {standard_task_runner.py:76} INFO - Running: ['airflow', 'tasks', 'run', 'covid19_cases_Jordan', 'Get_COVID19_Cases_For_Jordan_2020_Now', '2021-05-25T20:00:07.052122+00:00', '--job-id', '62', '--pool', 'default_pool', '--raw', '--subdir', 'DAGS_FOLDER/workflow.py', '--cfg-path', '/tmp/tmpgi2d47jw', '--error-file', '/tmp/tmpgmxu5w3x']
[2021-05-25 20:01:17,186] {standard_task_runner.py:77} INFO - Job 62: Subtask Get_COVID19_Cases_For_Jordan_2020_Now
[2021-05-25 20:01:17,406] {logging_mixin.py:104} INFO - Running <TaskInstance: covid19_cases_Jordan.Get_COVID19_Cases_For_Jordan_2020_Now 2021-05-25T20:00:07.052122+00:00 [running]> on host 4e0af5d83701
[2021-05-25 20:01:17,618] {taskinstance.py:1257} INFO - Exporting the following env vars:
AIRFLOW_CTX_DAG_OWNER=waed
AIRFLOW_CTX_DAG_ID=covid19_cases_Jordan
AIRFLOW_CTX_TASK_ID=Get_COVID19_Cases_For_Jordan_2020_Now
AIRFLOW_CTX_EXECUTION_DATE=2021-05-25T20:00:07.052122+00:00
AIRFLOW_CTX_DAG_RUN_ID=scheduled__2021-05-25T20:00:07.052122+00:00
[2021-05-25 20:06:07,699] {local_task_job.py:188} WARNING - State of this instance has been externally set to removed. Terminating instance.
[2021-05-25 20:06:07,897] {process_utils.py:100} INFO - Sending Signals.SIGTERM to GPID 684
[2021-05-25 20:06:07,915] {taskinstance.py:1239} ERROR - Received SIGTERM. Terminating subprocesses.
[2021-05-25 20:07:07,937] {process_utils.py:113} WARNING - process psutil.Process(pid=684, name='airflow task ru', status='sleeping', started='20:01:16') did not respond to SIGTERM. Trying SIGKILL
[2021-05-25 20:07:08,108] {process_utils.py:66} INFO - Process psutil.Process(pid=684, name='airflow task ru', status='terminated', exitcode=<Negsignal.SIGKILL: -9>, started='20:01:16') (684) terminated with exit code Negsignal.SIGKILL
