[2021-05-25 20:02:19,124] {taskinstance.py:851} INFO - Dependencies all met for <TaskInstance: covid19_cases_Jordan.Get_COVID19_Cases_For_Jordan_2020_Now 2021-05-25T20:01:07.052122+00:00 [queued]>
[2021-05-25 20:02:19,202] {taskinstance.py:851} INFO - Dependencies all met for <TaskInstance: covid19_cases_Jordan.Get_COVID19_Cases_For_Jordan_2020_Now 2021-05-25T20:01:07.052122+00:00 [queued]>
[2021-05-25 20:02:19,203] {taskinstance.py:1042} INFO - 
--------------------------------------------------------------------------------
[2021-05-25 20:02:19,204] {taskinstance.py:1043} INFO - Starting attempt 1 of 2
[2021-05-25 20:02:19,204] {taskinstance.py:1044} INFO - 
--------------------------------------------------------------------------------
[2021-05-25 20:02:19,268] {taskinstance.py:1063} INFO - Executing <Task(PythonOperator): Get_COVID19_Cases_For_Jordan_2020_Now> on 2021-05-25T20:01:07.052122+00:00
[2021-05-25 20:02:19,299] {standard_task_runner.py:52} INFO - Started process 693 to run task
[2021-05-25 20:02:19,311] {standard_task_runner.py:76} INFO - Running: ['airflow', 'tasks', 'run', 'covid19_cases_Jordan', 'Get_COVID19_Cases_For_Jordan_2020_Now', '2021-05-25T20:01:07.052122+00:00', '--job-id', '63', '--pool', 'default_pool', '--raw', '--subdir', 'DAGS_FOLDER/workflow.py', '--cfg-path', '/tmp/tmpx4t8ebzw', '--error-file', '/tmp/tmpemvmhci_']
[2021-05-25 20:02:19,327] {standard_task_runner.py:77} INFO - Job 63: Subtask Get_COVID19_Cases_For_Jordan_2020_Now
[2021-05-25 20:02:19,559] {logging_mixin.py:104} INFO - Running <TaskInstance: covid19_cases_Jordan.Get_COVID19_Cases_For_Jordan_2020_Now 2021-05-25T20:01:07.052122+00:00 [running]> on host 4e0af5d83701
[2021-05-25 20:02:19,824] {taskinstance.py:1257} INFO - Exporting the following env vars:
AIRFLOW_CTX_DAG_OWNER=waed
AIRFLOW_CTX_DAG_ID=covid19_cases_Jordan
AIRFLOW_CTX_TASK_ID=Get_COVID19_Cases_For_Jordan_2020_Now
AIRFLOW_CTX_EXECUTION_DATE=2021-05-25T20:01:07.052122+00:00
AIRFLOW_CTX_DAG_RUN_ID=scheduled__2021-05-25T20:01:07.052122+00:00
[2021-05-25 20:06:07,153] {local_task_job.py:188} WARNING - State of this instance has been externally set to removed. Terminating instance.
[2021-05-25 20:06:07,249] {process_utils.py:100} INFO - Sending Signals.SIGTERM to GPID 693
[2021-05-25 20:06:07,256] {taskinstance.py:1239} ERROR - Received SIGTERM. Terminating subprocesses.
[2021-05-25 20:07:07,275] {process_utils.py:113} WARNING - process psutil.Process(pid=693, name='airflow task ru', status='sleeping', started='20:02:18') did not respond to SIGTERM. Trying SIGKILL
[2021-05-25 20:07:07,348] {process_utils.py:66} INFO - Process psutil.Process(pid=693, name='airflow task ru', status='terminated', exitcode=<Negsignal.SIGKILL: -9>, started='20:02:18') (693) terminated with exit code Negsignal.SIGKILL
