[2021-05-25 21:22:00,431] {taskinstance.py:851} INFO - Dependencies all met for <TaskInstance: covid19_cases_Jordan.Get_COVID19_Cases_For_Jordan_2020ToNow 2021-05-25T21:01:42.518800+00:00 [queued]>
[2021-05-25 21:22:00,619] {taskinstance.py:851} INFO - Dependencies all met for <TaskInstance: covid19_cases_Jordan.Get_COVID19_Cases_For_Jordan_2020ToNow 2021-05-25T21:01:42.518800+00:00 [queued]>
[2021-05-25 21:22:00,619] {taskinstance.py:1042} INFO - 
--------------------------------------------------------------------------------
[2021-05-25 21:22:00,619] {taskinstance.py:1043} INFO - Starting attempt 1 of 2
[2021-05-25 21:22:00,619] {taskinstance.py:1044} INFO - 
--------------------------------------------------------------------------------
[2021-05-25 21:22:00,766] {taskinstance.py:1063} INFO - Executing <Task(PythonOperator): Get_COVID19_Cases_For_Jordan_2020ToNow> on 2021-05-25T21:01:42.518800+00:00
[2021-05-25 21:22:00,814] {standard_task_runner.py:52} INFO - Started process 262 to run task
[2021-05-25 21:22:00,861] {standard_task_runner.py:76} INFO - Running: ['airflow', 'tasks', 'run', 'covid19_cases_Jordan', 'Get_COVID19_Cases_For_Jordan_2020ToNow', '2021-05-25T21:01:42.518800+00:00', '--job-id', '118', '--pool', 'default_pool', '--raw', '--subdir', 'DAGS_FOLDER/workflow.py', '--cfg-path', '/tmp/tmp9xvogla4', '--error-file', '/tmp/tmp7cchryuv']
[2021-05-25 21:22:00,911] {standard_task_runner.py:77} INFO - Job 118: Subtask Get_COVID19_Cases_For_Jordan_2020ToNow
[2021-05-25 21:22:01,281] {logging_mixin.py:104} INFO - Running <TaskInstance: covid19_cases_Jordan.Get_COVID19_Cases_For_Jordan_2020ToNow 2021-05-25T21:01:42.518800+00:00 [running]> on host 4e0af5d83701
[2021-05-25 21:22:01,732] {taskinstance.py:1257} INFO - Exporting the following env vars:
AIRFLOW_CTX_DAG_OWNER=waed
AIRFLOW_CTX_DAG_ID=covid19_cases_Jordan
AIRFLOW_CTX_TASK_ID=Get_COVID19_Cases_For_Jordan_2020ToNow
AIRFLOW_CTX_EXECUTION_DATE=2021-05-25T21:01:42.518800+00:00
AIRFLOW_CTX_DAG_RUN_ID=scheduled__2021-05-25T21:01:42.518800+00:00
[2021-05-25 21:26:41,122] {logging_mixin.py:104} INFO - It took 4.66 minutes to get all data
[2021-05-25 21:26:41,492] {python.py:118} INFO - Done. Returned value was: None
[2021-05-25 21:26:41,556] {taskinstance.py:1166} INFO - Marking task as SUCCESS. dag_id=covid19_cases_Jordan, task_id=Get_COVID19_Cases_For_Jordan_2020ToNow, execution_date=20210525T210142, start_date=20210525T212200, end_date=20210525T212641
[2021-05-25 21:26:41,754] {taskinstance.py:1220} INFO - 1 downstream tasks scheduled from follow-on schedule check
[2021-05-25 21:26:41,827] {local_task_job.py:146} INFO - Task exited with return code 0
