[2021-05-25 20:29:46,617] {taskinstance.py:851} INFO - Dependencies all met for <TaskInstance: covid19_cases_Jordan.Get_COVID19_Cases_For_Jordan_2020ToNow 2021-05-25T19:53:07.052122+00:00 [queued]>
[2021-05-25 20:29:46,898] {taskinstance.py:851} INFO - Dependencies all met for <TaskInstance: covid19_cases_Jordan.Get_COVID19_Cases_For_Jordan_2020ToNow 2021-05-25T19:53:07.052122+00:00 [queued]>
[2021-05-25 20:29:46,899] {taskinstance.py:1042} INFO - 
--------------------------------------------------------------------------------
[2021-05-25 20:29:46,900] {taskinstance.py:1043} INFO - Starting attempt 1 of 2
[2021-05-25 20:29:46,904] {taskinstance.py:1044} INFO - 
--------------------------------------------------------------------------------
[2021-05-25 20:29:46,987] {taskinstance.py:1063} INFO - Executing <Task(PythonOperator): Get_COVID19_Cases_For_Jordan_2020ToNow> on 2021-05-25T19:53:07.052122+00:00
[2021-05-25 20:29:47,070] {standard_task_runner.py:52} INFO - Started process 1024 to run task
[2021-05-25 20:29:47,138] {standard_task_runner.py:76} INFO - Running: ['airflow', 'tasks', 'run', 'covid19_cases_Jordan', 'Get_COVID19_Cases_For_Jordan_2020ToNow', '2021-05-25T19:53:07.052122+00:00', '--job-id', '94', '--pool', 'default_pool', '--raw', '--subdir', 'DAGS_FOLDER/workflow.py', '--cfg-path', '/tmp/tmp7r3nxy8a', '--error-file', '/tmp/tmps1emozp0']
[2021-05-25 20:29:47,216] {standard_task_runner.py:77} INFO - Job 94: Subtask Get_COVID19_Cases_For_Jordan_2020ToNow
[2021-05-25 20:29:48,070] {logging_mixin.py:104} INFO - Running <TaskInstance: covid19_cases_Jordan.Get_COVID19_Cases_For_Jordan_2020ToNow 2021-05-25T19:53:07.052122+00:00 [running]> on host 4e0af5d83701
[2021-05-25 20:29:48,679] {taskinstance.py:1257} INFO - Exporting the following env vars:
AIRFLOW_CTX_DAG_OWNER=waed
AIRFLOW_CTX_DAG_ID=covid19_cases_Jordan
AIRFLOW_CTX_TASK_ID=Get_COVID19_Cases_For_Jordan_2020ToNow
AIRFLOW_CTX_EXECUTION_DATE=2021-05-25T19:53:07.052122+00:00
AIRFLOW_CTX_DAG_RUN_ID=scheduled__2021-05-25T19:53:07.052122+00:00
[2021-05-25 20:52:40,389] {local_task_job.py:77} ERROR - Received SIGTERM. Terminating subprocesses
[2021-05-25 20:52:40,429] {process_utils.py:100} INFO - Sending Signals.SIGTERM to GPID 1024
[2021-05-25 20:52:40,430] {taskinstance.py:1239} ERROR - Received SIGTERM. Terminating subprocesses.
