[2021-05-25 21:22:01,421] {taskinstance.py:851} INFO - Dependencies all met for <TaskInstance: covid19_cases_Jordan.Get_COVID19_Cases_For_Jordan_2020ToNow 2021-05-25T21:02:42.518800+00:00 [queued]>
[2021-05-25 21:22:01,611] {taskinstance.py:851} INFO - Dependencies all met for <TaskInstance: covid19_cases_Jordan.Get_COVID19_Cases_For_Jordan_2020ToNow 2021-05-25T21:02:42.518800+00:00 [queued]>
[2021-05-25 21:22:01,612] {taskinstance.py:1042} INFO - 
--------------------------------------------------------------------------------
[2021-05-25 21:22:01,613] {taskinstance.py:1043} INFO - Starting attempt 1 of 2
[2021-05-25 21:22:01,615] {taskinstance.py:1044} INFO - 
--------------------------------------------------------------------------------
[2021-05-25 21:22:01,967] {taskinstance.py:1063} INFO - Executing <Task(PythonOperator): Get_COVID19_Cases_For_Jordan_2020ToNow> on 2021-05-25T21:02:42.518800+00:00
[2021-05-25 21:22:02,026] {standard_task_runner.py:52} INFO - Started process 264 to run task
[2021-05-25 21:22:02,047] {standard_task_runner.py:76} INFO - Running: ['airflow', 'tasks', 'run', 'covid19_cases_Jordan', 'Get_COVID19_Cases_For_Jordan_2020ToNow', '2021-05-25T21:02:42.518800+00:00', '--job-id', '120', '--pool', 'default_pool', '--raw', '--subdir', 'DAGS_FOLDER/workflow.py', '--cfg-path', '/tmp/tmp9x2bjd9t', '--error-file', '/tmp/tmpb3m4gls2']
[2021-05-25 21:22:02,081] {standard_task_runner.py:77} INFO - Job 120: Subtask Get_COVID19_Cases_For_Jordan_2020ToNow
[2021-05-25 21:22:02,702] {logging_mixin.py:104} INFO - Running <TaskInstance: covid19_cases_Jordan.Get_COVID19_Cases_For_Jordan_2020ToNow 2021-05-25T21:02:42.518800+00:00 [running]> on host 4e0af5d83701
[2021-05-25 21:22:03,021] {taskinstance.py:1257} INFO - Exporting the following env vars:
AIRFLOW_CTX_DAG_OWNER=waed
AIRFLOW_CTX_DAG_ID=covid19_cases_Jordan
AIRFLOW_CTX_TASK_ID=Get_COVID19_Cases_For_Jordan_2020ToNow
AIRFLOW_CTX_EXECUTION_DATE=2021-05-25T21:02:42.518800+00:00
AIRFLOW_CTX_DAG_RUN_ID=scheduled__2021-05-25T21:02:42.518800+00:00
[2021-05-25 21:28:55,726] {logging_mixin.py:104} INFO - It took 6.88 minutes to get all data
[2021-05-25 21:28:57,495] {python.py:118} INFO - Done. Returned value was: None
[2021-05-25 21:28:57,618] {taskinstance.py:1166} INFO - Marking task as SUCCESS. dag_id=covid19_cases_Jordan, task_id=Get_COVID19_Cases_For_Jordan_2020ToNow, execution_date=20210525T210242, start_date=20210525T212201, end_date=20210525T212857
[2021-05-25 21:28:57,862] {taskinstance.py:1220} INFO - 1 downstream tasks scheduled from follow-on schedule check
[2021-05-25 21:28:57,942] {local_task_job.py:146} INFO - Task exited with return code 0
