[2021-05-25 20:05:21,440] {taskinstance.py:851} INFO - Dependencies all met for <TaskInstance: covid19_cases_Jordan.Get_COVID19_Cases_For_Jordan_2020_Now 2021-05-25T20:04:07.052122+00:00 [queued]>
[2021-05-25 20:05:21,564] {taskinstance.py:851} INFO - Dependencies all met for <TaskInstance: covid19_cases_Jordan.Get_COVID19_Cases_For_Jordan_2020_Now 2021-05-25T20:04:07.052122+00:00 [queued]>
[2021-05-25 20:05:21,565] {taskinstance.py:1042} INFO - 
--------------------------------------------------------------------------------
[2021-05-25 20:05:21,566] {taskinstance.py:1043} INFO - Starting attempt 1 of 2
[2021-05-25 20:05:21,567] {taskinstance.py:1044} INFO - 
--------------------------------------------------------------------------------
[2021-05-25 20:05:21,613] {taskinstance.py:1063} INFO - Executing <Task(PythonOperator): Get_COVID19_Cases_For_Jordan_2020_Now> on 2021-05-25T20:04:07.052122+00:00
[2021-05-25 20:05:21,639] {standard_task_runner.py:52} INFO - Started process 720 to run task
[2021-05-25 20:05:21,659] {standard_task_runner.py:76} INFO - Running: ['airflow', 'tasks', 'run', 'covid19_cases_Jordan', 'Get_COVID19_Cases_For_Jordan_2020_Now', '2021-05-25T20:04:07.052122+00:00', '--job-id', '66', '--pool', 'default_pool', '--raw', '--subdir', 'DAGS_FOLDER/workflow.py', '--cfg-path', '/tmp/tmp66i1b83b', '--error-file', '/tmp/tmp52r8yvfp']
[2021-05-25 20:05:21,673] {standard_task_runner.py:77} INFO - Job 66: Subtask Get_COVID19_Cases_For_Jordan_2020_Now
[2021-05-25 20:05:21,948] {logging_mixin.py:104} INFO - Running <TaskInstance: covid19_cases_Jordan.Get_COVID19_Cases_For_Jordan_2020_Now 2021-05-25T20:04:07.052122+00:00 [running]> on host 4e0af5d83701
[2021-05-25 20:05:22,516] {taskinstance.py:1257} INFO - Exporting the following env vars:
AIRFLOW_CTX_DAG_OWNER=waed
AIRFLOW_CTX_DAG_ID=covid19_cases_Jordan
AIRFLOW_CTX_TASK_ID=Get_COVID19_Cases_For_Jordan_2020_Now
AIRFLOW_CTX_EXECUTION_DATE=2021-05-25T20:04:07.052122+00:00
AIRFLOW_CTX_DAG_RUN_ID=scheduled__2021-05-25T20:04:07.052122+00:00
[2021-05-25 20:06:04,248] {local_task_job.py:188} WARNING - State of this instance has been externally set to removed. Terminating instance.
[2021-05-25 20:06:04,442] {process_utils.py:100} INFO - Sending Signals.SIGTERM to GPID 720
[2021-05-25 20:06:04,456] {taskinstance.py:1239} ERROR - Received SIGTERM. Terminating subprocesses.
[2021-05-25 20:07:04,467] {process_utils.py:113} WARNING - process psutil.Process(pid=720, name='airflow task ru', status='sleeping', started='20:05:20') did not respond to SIGTERM. Trying SIGKILL
[2021-05-25 20:07:04,583] {process_utils.py:66} INFO - Process psutil.Process(pid=720, name='airflow task ru', status='terminated', exitcode=<Negsignal.SIGKILL: -9>, started='20:05:20') (720) terminated with exit code Negsignal.SIGKILL
