[2021-05-25 19:59:17,594] {taskinstance.py:851} INFO - Dependencies all met for <TaskInstance: covid19_cases_Jordan.Get_COVID19_Cases_For_Jordan_2020_Now 2021-05-25T19:58:07.052122+00:00 [queued]>
[2021-05-25 19:59:17,734] {taskinstance.py:851} INFO - Dependencies all met for <TaskInstance: covid19_cases_Jordan.Get_COVID19_Cases_For_Jordan_2020_Now 2021-05-25T19:58:07.052122+00:00 [queued]>
[2021-05-25 19:59:17,735] {taskinstance.py:1042} INFO - 
--------------------------------------------------------------------------------
[2021-05-25 19:59:17,736] {taskinstance.py:1043} INFO - Starting attempt 1 of 2
[2021-05-25 19:59:17,736] {taskinstance.py:1044} INFO - 
--------------------------------------------------------------------------------
[2021-05-25 19:59:17,798] {taskinstance.py:1063} INFO - Executing <Task(PythonOperator): Get_COVID19_Cases_For_Jordan_2020_Now> on 2021-05-25T19:58:07.052122+00:00
[2021-05-25 19:59:17,820] {standard_task_runner.py:52} INFO - Started process 666 to run task
[2021-05-25 19:59:17,849] {standard_task_runner.py:76} INFO - Running: ['airflow', 'tasks', 'run', 'covid19_cases_Jordan', 'Get_COVID19_Cases_For_Jordan_2020_Now', '2021-05-25T19:58:07.052122+00:00', '--job-id', '60', '--pool', 'default_pool', '--raw', '--subdir', 'DAGS_FOLDER/workflow.py', '--cfg-path', '/tmp/tmpzqx2tk9s', '--error-file', '/tmp/tmpvopzwjx6']
[2021-05-25 19:59:17,866] {standard_task_runner.py:77} INFO - Job 60: Subtask Get_COVID19_Cases_For_Jordan_2020_Now
[2021-05-25 19:59:18,112] {logging_mixin.py:104} INFO - Running <TaskInstance: covid19_cases_Jordan.Get_COVID19_Cases_For_Jordan_2020_Now 2021-05-25T19:58:07.052122+00:00 [running]> on host 4e0af5d83701
[2021-05-25 19:59:18,408] {taskinstance.py:1257} INFO - Exporting the following env vars:
AIRFLOW_CTX_DAG_OWNER=waed
AIRFLOW_CTX_DAG_ID=covid19_cases_Jordan
AIRFLOW_CTX_TASK_ID=Get_COVID19_Cases_For_Jordan_2020_Now
AIRFLOW_CTX_EXECUTION_DATE=2021-05-25T19:58:07.052122+00:00
AIRFLOW_CTX_DAG_RUN_ID=scheduled__2021-05-25T19:58:07.052122+00:00
[2021-05-25 20:06:08,095] {local_task_job.py:188} WARNING - State of this instance has been externally set to removed. Terminating instance.
[2021-05-25 20:06:08,139] {process_utils.py:100} INFO - Sending Signals.SIGTERM to GPID 666
[2021-05-25 20:06:08,141] {taskinstance.py:1239} ERROR - Received SIGTERM. Terminating subprocesses.
[2021-05-25 20:07:08,172] {process_utils.py:113} WARNING - process psutil.Process(pid=666, name='airflow task ru', status='sleeping', started='19:59:17') did not respond to SIGTERM. Trying SIGKILL
[2021-05-25 20:07:08,395] {process_utils.py:66} INFO - Process psutil.Process(pid=666, name='airflow task ru', status='terminated', exitcode=<Negsignal.SIGKILL: -9>, started='19:59:17') (666) terminated with exit code Negsignal.SIGKILL
