[2021-05-25 20:29:44,903] {taskinstance.py:851} INFO - Dependencies all met for <TaskInstance: covid19_cases_Jordan.Get_COVID19_Cases_For_Jordan_2020ToNow 2021-05-25T19:55:07.052122+00:00 [queued]>
[2021-05-25 20:29:45,183] {taskinstance.py:851} INFO - Dependencies all met for <TaskInstance: covid19_cases_Jordan.Get_COVID19_Cases_For_Jordan_2020ToNow 2021-05-25T19:55:07.052122+00:00 [queued]>
[2021-05-25 20:29:45,189] {taskinstance.py:1042} INFO - 
--------------------------------------------------------------------------------
[2021-05-25 20:29:45,189] {taskinstance.py:1043} INFO - Starting attempt 1 of 2
[2021-05-25 20:29:45,190] {taskinstance.py:1044} INFO - 
--------------------------------------------------------------------------------
[2021-05-25 20:29:45,384] {taskinstance.py:1063} INFO - Executing <Task(PythonOperator): Get_COVID19_Cases_For_Jordan_2020ToNow> on 2021-05-25T19:55:07.052122+00:00
[2021-05-25 20:29:45,410] {standard_task_runner.py:52} INFO - Started process 1022 to run task
[2021-05-25 20:29:45,452] {standard_task_runner.py:76} INFO - Running: ['airflow', 'tasks', 'run', 'covid19_cases_Jordan', 'Get_COVID19_Cases_For_Jordan_2020ToNow', '2021-05-25T19:55:07.052122+00:00', '--job-id', '93', '--pool', 'default_pool', '--raw', '--subdir', 'DAGS_FOLDER/workflow.py', '--cfg-path', '/tmp/tmps4agdb5a', '--error-file', '/tmp/tmptm4sp0op']
[2021-05-25 20:29:45,513] {standard_task_runner.py:77} INFO - Job 93: Subtask Get_COVID19_Cases_For_Jordan_2020ToNow
[2021-05-25 20:29:46,189] {logging_mixin.py:104} INFO - Running <TaskInstance: covid19_cases_Jordan.Get_COVID19_Cases_For_Jordan_2020ToNow 2021-05-25T19:55:07.052122+00:00 [running]> on host 4e0af5d83701
[2021-05-25 20:29:46,855] {taskinstance.py:1257} INFO - Exporting the following env vars:
AIRFLOW_CTX_DAG_OWNER=waed
AIRFLOW_CTX_DAG_ID=covid19_cases_Jordan
AIRFLOW_CTX_TASK_ID=Get_COVID19_Cases_For_Jordan_2020ToNow
AIRFLOW_CTX_EXECUTION_DATE=2021-05-25T19:55:07.052122+00:00
AIRFLOW_CTX_DAG_RUN_ID=scheduled__2021-05-25T19:55:07.052122+00:00
[2021-05-25 20:52:40,370] {local_task_job.py:77} ERROR - Received SIGTERM. Terminating subprocesses
[2021-05-25 20:52:40,543] {process_utils.py:100} INFO - Sending Signals.SIGTERM to GPID 1022
[2021-05-25 20:52:40,546] {taskinstance.py:1239} ERROR - Received SIGTERM. Terminating subprocesses.
