[2021-05-25 20:26:07,855] {taskinstance.py:851} INFO - Dependencies all met for <TaskInstance: covid19_cases_Jordan.Get_COVID19_Cases_For_Jordan_2020ToNow 2021-05-25T20:04:07.052122+00:00 [queued]>
[2021-05-25 20:26:08,153] {taskinstance.py:851} INFO - Dependencies all met for <TaskInstance: covid19_cases_Jordan.Get_COVID19_Cases_For_Jordan_2020ToNow 2021-05-25T20:04:07.052122+00:00 [queued]>
[2021-05-25 20:26:08,155] {taskinstance.py:1042} INFO - 
--------------------------------------------------------------------------------
[2021-05-25 20:26:08,171] {taskinstance.py:1043} INFO - Starting attempt 1 of 2
[2021-05-25 20:26:08,172] {taskinstance.py:1044} INFO - 
--------------------------------------------------------------------------------
[2021-05-25 20:26:08,473] {taskinstance.py:1063} INFO - Executing <Task(PythonOperator): Get_COVID19_Cases_For_Jordan_2020ToNow> on 2021-05-25T20:04:07.052122+00:00
[2021-05-25 20:26:08,542] {standard_task_runner.py:52} INFO - Started process 987 to run task
[2021-05-25 20:26:08,649] {standard_task_runner.py:76} INFO - Running: ['airflow', 'tasks', 'run', 'covid19_cases_Jordan', 'Get_COVID19_Cases_For_Jordan_2020ToNow', '2021-05-25T20:04:07.052122+00:00', '--job-id', '89', '--pool', 'default_pool', '--raw', '--subdir', 'DAGS_FOLDER/workflow.py', '--cfg-path', '/tmp/tmpjjgxwebm', '--error-file', '/tmp/tmpfuikss1_']
[2021-05-25 20:26:08,678] {standard_task_runner.py:77} INFO - Job 89: Subtask Get_COVID19_Cases_For_Jordan_2020ToNow
[2021-05-25 20:26:09,501] {logging_mixin.py:104} INFO - Running <TaskInstance: covid19_cases_Jordan.Get_COVID19_Cases_For_Jordan_2020ToNow 2021-05-25T20:04:07.052122+00:00 [running]> on host 4e0af5d83701
[2021-05-25 20:26:10,609] {taskinstance.py:1257} INFO - Exporting the following env vars:
AIRFLOW_CTX_DAG_OWNER=waed
AIRFLOW_CTX_DAG_ID=covid19_cases_Jordan
AIRFLOW_CTX_TASK_ID=Get_COVID19_Cases_For_Jordan_2020ToNow
AIRFLOW_CTX_EXECUTION_DATE=2021-05-25T20:04:07.052122+00:00
AIRFLOW_CTX_DAG_RUN_ID=scheduled__2021-05-25T20:04:07.052122+00:00
[2021-05-25 20:52:40,360] {local_task_job.py:77} ERROR - Received SIGTERM. Terminating subprocesses
[2021-05-25 20:52:40,497] {process_utils.py:100} INFO - Sending Signals.SIGTERM to GPID 987
[2021-05-25 20:52:42,789] {taskinstance.py:1239} ERROR - Received SIGTERM. Terminating subprocesses.
