[2021-05-25 20:00:16,327] {taskinstance.py:851} INFO - Dependencies all met for <TaskInstance: covid19_cases_Jordan.Get_COVID19_Cases_For_Jordan_2020_Now 2021-05-25T19:59:07.052122+00:00 [queued]>
[2021-05-25 20:00:16,557] {taskinstance.py:851} INFO - Dependencies all met for <TaskInstance: covid19_cases_Jordan.Get_COVID19_Cases_For_Jordan_2020_Now 2021-05-25T19:59:07.052122+00:00 [queued]>
[2021-05-25 20:00:16,558] {taskinstance.py:1042} INFO - 
--------------------------------------------------------------------------------
[2021-05-25 20:00:16,559] {taskinstance.py:1043} INFO - Starting attempt 1 of 2
[2021-05-25 20:00:16,560] {taskinstance.py:1044} INFO - 
--------------------------------------------------------------------------------
[2021-05-25 20:00:16,626] {taskinstance.py:1063} INFO - Executing <Task(PythonOperator): Get_COVID19_Cases_For_Jordan_2020_Now> on 2021-05-25T19:59:07.052122+00:00
[2021-05-25 20:00:16,646] {standard_task_runner.py:52} INFO - Started process 675 to run task
[2021-05-25 20:00:16,661] {standard_task_runner.py:76} INFO - Running: ['airflow', 'tasks', 'run', 'covid19_cases_Jordan', 'Get_COVID19_Cases_For_Jordan_2020_Now', '2021-05-25T19:59:07.052122+00:00', '--job-id', '61', '--pool', 'default_pool', '--raw', '--subdir', 'DAGS_FOLDER/workflow.py', '--cfg-path', '/tmp/tmph4xigvig', '--error-file', '/tmp/tmpou7mxxe9']
[2021-05-25 20:00:16,675] {standard_task_runner.py:77} INFO - Job 61: Subtask Get_COVID19_Cases_For_Jordan_2020_Now
[2021-05-25 20:00:16,949] {logging_mixin.py:104} INFO - Running <TaskInstance: covid19_cases_Jordan.Get_COVID19_Cases_For_Jordan_2020_Now 2021-05-25T19:59:07.052122+00:00 [running]> on host 4e0af5d83701
[2021-05-25 20:00:17,821] {taskinstance.py:1257} INFO - Exporting the following env vars:
AIRFLOW_CTX_DAG_OWNER=waed
AIRFLOW_CTX_DAG_ID=covid19_cases_Jordan
AIRFLOW_CTX_TASK_ID=Get_COVID19_Cases_For_Jordan_2020_Now
AIRFLOW_CTX_EXECUTION_DATE=2021-05-25T19:59:07.052122+00:00
AIRFLOW_CTX_DAG_RUN_ID=scheduled__2021-05-25T19:59:07.052122+00:00
[2021-05-25 20:06:05,198] {local_task_job.py:188} WARNING - State of this instance has been externally set to removed. Terminating instance.
[2021-05-25 20:06:05,266] {process_utils.py:100} INFO - Sending Signals.SIGTERM to GPID 675
[2021-05-25 20:06:05,268] {taskinstance.py:1239} ERROR - Received SIGTERM. Terminating subprocesses.
[2021-05-25 20:07:05,316] {process_utils.py:113} WARNING - process psutil.Process(pid=675, name='airflow task ru', status='sleeping', started='20:00:15') did not respond to SIGTERM. Trying SIGKILL
[2021-05-25 20:07:05,433] {process_utils.py:66} INFO - Process psutil.Process(pid=675, name='airflow task ru', status='terminated', exitcode=<Negsignal.SIGKILL: -9>, started='20:00:15') (675) terminated with exit code Negsignal.SIGKILL
